<?xml version="1.0" encoding="UTF-8" ?>
<testsuite tests="1" failures="0" name="renxuan.journal_biz.AppTest" time="0.001" errors="0" skipped="0">
  <properties>
    <property name="java.runtime.name" value="Java(TM) SE Runtime Environment"/>
    <property name="java.vm.version" value="12.0.2+10"/>
    <property name="sun.boot.library.path" value="C:\Program Files\Java\jdk-12.0.2\bin"/>
    <property name="maven.multiModuleProjectDirectory" value="D:\workspaceExpert\journal"/>
    <property name="java.vm.vendor" value="Oracle Corporation"/>
    <property name="java.vendor.url" value="https://java.oracle.com/"/>
    <property name="path.separator" value=";"/>
    <property name="guice.disable.misplaced.annotation.check" value="true"/>
    <property name="java.vm.name" value="Java HotSpot(TM) 64-Bit Server VM"/>
    <property name="user.country" value="CN"/>
    <property name="sun.java.launcher" value="SUN_STANDARD"/>
    <property name="user.script" value=""/>
    <property name="sun.os.patch.level" value=""/>
    <property name="user.dir" value="D:\workspaceExpert\journal"/>
    <property name="java.vm.compressedOopsMode" value="Zero based"/>
    <property name="java.vm.specification.name" value="Java Virtual Machine Specification"/>
    <property name="java.runtime.version" value="12.0.2+10"/>
    <property name="java.awt.graphicsenv" value="sun.awt.Win32GraphicsEnvironment"/>
    <property name="os.arch" value="amd64"/>
    <property name="java.io.tmpdir" value="C:\Users\灵均\AppData\Local\Temp\"/>
    <property name="line.separator" value="
"/>
    <property name="java.vm.specification.vendor" value="Oracle Corporation"/>
    <property name="user.variant" value=""/>
    <property name="os.name" value="Windows 10"/>
    <property name="classworlds.conf" value="D:\workspaceExpert\.metadata\.plugins\org.eclipse.m2e.launching\launches\m2conf12324941534094873556.tmp"/>
    <property name="sun.jnu.encoding" value="GBK"/>
    <property name="java.library.path" value="C:\Program Files\Java\jdk-12.0.2\bin;C:\WINDOWS\Sun\Java\bin;C:\WINDOWS\system32;C:\WINDOWS;C:/Program Files/Java/jdk-12.0.2/bin/server;C:/Program Files/Java/jdk-12.0.2/bin;C:\Program Files\Java\jdk-12.0.2\bin;C:\Program Files (x86)\Intel\iCLS Client\;C:\Program Files\Intel\iCLS Client\;C:\windows\system32;C:\windows;C:\windows\System32\Wbem;C:\windows\System32\WindowsPowerShell\v1.0\;C:\Program Files (x86)\Intel\Intel(R) Management Engine Components\DAL;C:\Program Files\Intel\Intel(R) Management Engine Components\DAL;C:\Program Files (x86)\Intel\Intel(R) Management Engine Components\IPT;C:\Program Files\Intel\Intel(R) Management Engine Components\IPT;C:\Program Files (x86)\NVIDIA Corporation\PhysX\Common;C:\WINDOWS\system32;C:\WINDOWS;C:\WINDOWS\System32\Wbem;C:\WINDOWS\System32\WindowsPowerShell\v1.0\;C:\WINDOWS\System32\OpenSSH\;C:\Program Files\Java\jdk-12.0.2\jre\bin;C:\Program Files\dotnet\;C:\Program Files\Microsoft SQL Server\130\Tools\Binn\;D:\apache-tomcat-9.0.24\bin;C:\Program Files\NVIDIA Corporation\NVIDIA NvDLISR;C:\Program Files\MySQL\MySQL Shell 8.0\bin;C:\Program Files\MySQL\MySQL Server 8.0\bin;D:\apache-maven-3.6.2\bin;D:\Git\cmd;D:\Anaconda3;D:\Anaconda3\Library\mingw-w64\bin;D:\Anaconda3\Library\usr\bin;D:\Anaconda3\Library\bin;D:\Anaconda3\Scripts;D:\python\Scripts\;D:\python\;C:\Program Files\MySQL\MySQL Shell 8.0\bin\;D:\chromedriver\;D:\Android\platform-tools;D:\Android\tools;D:\Android\build-tools;C:\Users\灵均\.gradle\wrapper\dists\gradle-5.6.4-all\ankdp27end7byghfw1q2sw75f\gradle-5.6.4\bin;D:\pycharm\PyCharm Community Edition 2019.3.3\bin;;D:\java ee\eclipse;;."/>
    <property name="jdk.debug" value="release"/>
    <property name="java.class.version" value="56.0"/>
    <property name="java.specification.name" value="Java Platform API Specification"/>
    <property name="sun.management.compiler" value="HotSpot 64-Bit Tiered Compilers"/>
    <property name="os.version" value="10.0"/>
    <property name="user.home" value="C:\Users\灵均"/>
    <property name="user.timezone" value="GMT+08:00"/>
    <property name="file.encoding" value="GBK"/>
    <property name="java.specification.version" value="12"/>
    <property name="user.name" value="灵均"/>
    <property name="java.class.path" value="D:\java ee\eclipse\plugins\org.eclipse.m2e.maven.runtime_1.12.0.20190529-1915\jars\plexus-classworlds-2.6.0.jar"/>
    <property name="java.vm.specification.version" value="12"/>
    <property name="sun.arch.data.model" value="64"/>
    <property name="sun.java.command" value="org.codehaus.plexus.classworlds.launcher.Launcher -B -gs D:\apache-maven-3.6.2\conf\settings.xml -s D:\apache-maven-3.6.2\conf\settings.xml install"/>
    <property name="java.home" value="C:\Program Files\Java\jdk-12.0.2"/>
    <property name="user.language" value="zh"/>
    <property name="java.specification.vendor" value="Oracle Corporation"/>
    <property name="awt.toolkit" value="sun.awt.windows.WToolkit"/>
    <property name="java.vm.info" value="mixed mode, sharing"/>
    <property name="java.version" value="12.0.2"/>
    <property name="java.vendor" value="Oracle Corporation"/>
    <property name="maven.home" value="D:\workspaceExpert\journal\EMBEDDED"/>
    <property name="file.separator" value="\"/>
    <property name="java.version.date" value="2019-07-16"/>
    <property name="java.vendor.url.bug" value="https://bugreport.java.com/bugreport/"/>
    <property name="sun.cpu.endian" value="little"/>
    <property name="sun.io.unicode.encoding" value="UnicodeLittle"/>
    <property name="sun.desktop" value="windows"/>
    <property name="sun.cpu.isalist" value="amd64"/>
  </properties>
  <testcase classname="renxuan.journal_biz.AppTest" name="testApp" time="0.001"/>
</testsuite>